2021-03-06 22:25:54.989  INFO 5410 --- [restartedMain] com.example.demo.DemoApplication         : Starting DemoApplication using Java 15 on Phans-MacBook-Pro.local with PID 5410 (/Users/phantrungson/Documents/java/module 4/bai_9_aop/bai_tap/library_new/build/classes/java/main started by phantrungson in /Users/phantrungson/Documents/java/module 4/bai_9_aop/bai_tap/library_new)
2021-03-06 22:25:54.991  INFO 5410 --- [restartedMain] com.example.demo.DemoApplication         : No active profile set, falling back to default profiles: default
2021-03-06 22:25:55.028  INFO 5410 --- [restartedMain] .e.DevToolsPropertyDefaultsPostProcessor : Devtools property defaults active! Set 'spring.devtools.add-properties' to 'false' to disable
2021-03-06 22:25:55.029  INFO 5410 --- [restartedMain] .e.DevToolsPropertyDefaultsPostProcessor : For additional web related logging consider setting the 'logging.level.web' property to 'DEBUG'
2021-03-06 22:25:55.536  INFO 5410 --- [restartedMain] .s.d.r.c.RepositoryConfigurationDelegate : Bootstrapping Spring Data JPA repositories in DEFAULT mode.
2021-03-06 22:25:55.577  INFO 5410 --- [restartedMain] .s.d.r.c.RepositoryConfigurationDelegate : Finished Spring Data repository scanning in 34 ms. Found 1 JPA repository interfaces.
2021-03-06 22:25:56.059  INFO 5410 --- [restartedMain] o.s.b.w.embedded.tomcat.TomcatWebServer  : Tomcat initialized with port(s): 8080 (http)
2021-03-06 22:25:56.067  INFO 5410 --- [restartedMain] o.apache.catalina.core.StandardService   : Starting service [Tomcat]
2021-03-06 22:25:56.068  INFO 5410 --- [restartedMain] org.apache.catalina.core.StandardEngine  : Starting Servlet engine: [Apache Tomcat/9.0.43]
2021-03-06 22:25:56.140  INFO 5410 --- [restartedMain] o.a.c.c.C.[Tomcat].[localhost].[/]       : Initializing Spring embedded WebApplicationContext
2021-03-06 22:25:56.141  INFO 5410 --- [restartedMain] w.s.c.ServletWebServerApplicationContext : Root WebApplicationContext: initialization completed in 1111 ms
2021-03-06 22:25:56.288  INFO 5410 --- [restartedMain] o.hibernate.jpa.internal.util.LogHelper  : HHH000204: Processing PersistenceUnitInfo [name: default]
2021-03-06 22:25:56.325  INFO 5410 --- [restartedMain] org.hibernate.Version                    : HHH000412: Hibernate ORM core version 5.4.28.Final
2021-03-06 22:25:56.418  INFO 5410 --- [restartedMain] o.hibernate.annotations.common.Version   : HCANN000001: Hibernate Commons Annotations {5.1.2.Final}
2021-03-06 22:25:56.485  INFO 5410 --- [restartedMain] com.zaxxer.hikari.HikariDataSource       : HikariPool-1 - Starting...
2021-03-06 22:25:56.750  INFO 5410 --- [restartedMain] com.zaxxer.hikari.HikariDataSource       : HikariPool-1 - Start completed.
2021-03-06 22:25:56.765  INFO 5410 --- [restartedMain] org.hibernate.dialect.Dialect            : HHH000400: Using dialect: org.hibernate.dialect.MySQL8Dialect
2021-03-06 22:25:57.164  INFO 5410 --- [restartedMain] o.h.e.t.j.p.i.JtaPlatformInitiator       : HHH000490: Using JtaPlatform implementation: [org.hibernate.engine.transaction.jta.platform.internal.NoJtaPlatform]
2021-03-06 22:25:57.170  INFO 5410 --- [restartedMain] j.LocalContainerEntityManagerFactoryBean : Initialized JPA EntityManagerFactory for persistence unit 'default'
2021-03-06 22:25:57.199  INFO 5410 --- [restartedMain] o.s.b.d.a.OptionalLiveReloadServer       : LiveReload server is running on port 35729
2021-03-06 22:25:57.444  WARN 5410 --- [restartedMain] JpaBaseConfiguration$JpaWebConfiguration : spring.jpa.open-in-view is enabled by default. Therefore, database queries may be performed during view rendering. Explicitly configure spring.jpa.open-in-view to disable this warning
2021-03-06 22:25:57.538  INFO 5410 --- [restartedMain] o.s.s.concurrent.ThreadPoolTaskExecutor  : Initializing ExecutorService 'applicationTaskExecutor'
2021-03-06 22:25:57.736  INFO 5410 --- [restartedMain] o.s.b.w.embedded.tomcat.TomcatWebServer  : Tomcat started on port(s): 8080 (http) with context path ''
2021-03-06 22:25:57.745  INFO 5410 --- [restartedMain] com.example.demo.DemoApplication         : Started DemoApplication in 3.027 seconds (JVM running for 3.718)
2021-03-06 22:26:04.080  INFO 5410 --- [http-nio-8080-exec-1] o.a.c.c.C.[Tomcat].[localhost].[/]       : Initializing Spring DispatcherServlet 'dispatcherServlet'
2021-03-06 22:26:04.080  INFO 5410 --- [http-nio-8080-exec-1] o.s.web.servlet.DispatcherServlet        : Initializing Servlet 'dispatcherServlet'
2021-03-06 22:26:04.081  INFO 5410 --- [http-nio-8080-exec-1] o.s.web.servlet.DispatcherServlet        : Completed initialization in 1 ms
2021-03-06 22:26:07.869  INFO 5410 --- [http-nio-8080-exec-3] c.e.demo.controller.BookController       : Given Jeffrey Archer
2021-03-06 22:27:07.277  INFO 5410 --- [SpringContextShutdownHook] o.s.s.concurrent.ThreadPoolTaskExecutor  : Shutting down ExecutorService 'applicationTaskExecutor'
2021-03-06 22:27:07.279  INFO 5410 --- [SpringContextShutdownHook] j.LocalContainerEntityManagerFactoryBean : Closing JPA EntityManagerFactory for persistence unit 'default'
2021-03-06 22:27:07.286  INFO 5410 --- [SpringContextShutdownHook] com.zaxxer.hikari.HikariDataSource       : HikariPool-1 - Shutdown initiated...
2021-03-06 22:27:07.296  INFO 5410 --- [SpringContextShutdownHook] com.zaxxer.hikari.HikariDataSource       : HikariPool-1 - Shutdown completed.
